2019-03-08 13:27:21 DEBUG SpringJUnit4ClassRunner:139 - SpringJUnit4ClassRunner constructor called with [class aop.UserDAOImplTest]
2019-03-08 13:27:21 DEBUG BootstrapUtils:96 - Instantiating CacheAwareContextLoaderDelegate from class [org.springframework.test.context.cache.DefaultCacheAwareContextLoaderDelegate]
2019-03-08 13:27:21 DEBUG BootstrapUtils:79 - Instantiating BootstrapContext using constructor [public org.springframework.test.context.support.DefaultBootstrapContext(java.lang.Class,org.springframework.test.context.CacheAwareContextLoaderDelegate)]
2019-03-08 13:27:21 DEBUG BootstrapUtils:132 - Instantiating TestContextBootstrapper for test class [aop.UserDAOImplTest] from class [org.springframework.test.context.support.DefaultTestContextBootstrapper]
2019-03-08 13:27:21 DEBUG AbstractDelegatingSmartContextLoader:263 - Delegating to GenericXmlContextLoader to process context configuration [ContextConfigurationAttributes@c7a4e4 declaringClass = 'aop.UserDAOImplTest', classes = '{}', locations = '{/user.xml}', inheritLocations = true, initializers = '{}', inheritInitializers = true, name = [null], contextLoaderClass = 'org.springframework.test.context.ContextLoader'].
2019-03-08 13:27:21 DEBUG ActiveProfilesUtils:79 - Could not find an 'annotation declaring class' for annotation type [org.springframework.test.context.ActiveProfiles] and class [aop.UserDAOImplTest]
2019-03-08 13:27:21 DEBUG DefaultTestContextBootstrapper:125 - @TestExecutionListeners is not present for class [aop.UserDAOImplTest]: using defaults.
2019-03-08 13:27:21  INFO DefaultTestContextBootstrapper:248 - Loaded default TestExecutionListener class names from location [META-INF/spring.factories]: [org.springframework.test.context.web.ServletTestExecutionListener, org.springframework.test.context.support.DirtiesContextBeforeModesTestExecutionListener, org.springframework.test.context.support.DependencyInjectionTestExecutionListener, org.springframework.test.context.support.DirtiesContextTestExecutionListener, org.springframework.test.context.transaction.TransactionalTestExecutionListener, org.springframework.test.context.jdbc.SqlScriptsTestExecutionListener]
2019-03-08 13:27:21 DEBUG DefaultTestContextBootstrapper:192 - Skipping candidate TestExecutionListener [org.springframework.test.context.web.ServletTestExecutionListener] due to a missing dependency. Specify custom listener classes or make the default listener classes and their required dependencies available. Offending class: [javax/servlet/ServletContext]
2019-03-08 13:27:21 DEBUG DefaultTestContextBootstrapper:192 - Skipping candidate TestExecutionListener [org.springframework.test.context.transaction.TransactionalTestExecutionListener] due to a missing dependency. Specify custom listener classes or make the default listener classes and their required dependencies available. Offending class: [org/springframework/transaction/interceptor/TransactionAttributeSource]
2019-03-08 13:27:21 DEBUG DefaultTestContextBootstrapper:192 - Skipping candidate TestExecutionListener [org.springframework.test.context.jdbc.SqlScriptsTestExecutionListener] due to a missing dependency. Specify custom listener classes or make the default listener classes and their required dependencies available. Offending class: [org/springframework/transaction/interceptor/TransactionAttribute]
2019-03-08 13:27:21  INFO DefaultTestContextBootstrapper:177 - Using TestExecutionListeners: [org.springframework.test.context.support.DirtiesContextBeforeModesTestExecutionListener@13b32d7, org.springframework.test.context.support.DependencyInjectionTestExecutionListener@42a311, org.springframework.test.context.support.DirtiesContextTestExecutionListener@8e7350]
2019-03-08 13:27:21 DEBUG ProfileValueUtils:70 - Retrieved @ProfileValueSourceConfiguration [null] for test class [aop.UserDAOImplTest]
2019-03-08 13:27:21 DEBUG ProfileValueUtils:83 - Retrieved ProfileValueSource type [class org.springframework.test.annotation.SystemProfileValueSource] for class [aop.UserDAOImplTest]
2019-03-08 13:27:21 DEBUG ProfileValueUtils:70 - Retrieved @ProfileValueSourceConfiguration [null] for test class [aop.UserDAOImplTest]
2019-03-08 13:27:21 DEBUG ProfileValueUtils:83 - Retrieved ProfileValueSource type [class org.springframework.test.annotation.SystemProfileValueSource] for class [aop.UserDAOImplTest]
2019-03-08 13:27:21 DEBUG ProfileValueUtils:70 - Retrieved @ProfileValueSourceConfiguration [null] for test class [aop.UserDAOImplTest]
2019-03-08 13:27:21 DEBUG ProfileValueUtils:83 - Retrieved ProfileValueSource type [class org.springframework.test.annotation.SystemProfileValueSource] for class [aop.UserDAOImplTest]
2019-03-08 13:27:21 DEBUG ProfileValueUtils:70 - Retrieved @ProfileValueSourceConfiguration [null] for test class [aop.UserDAOImplTest]
2019-03-08 13:27:21 DEBUG ProfileValueUtils:83 - Retrieved ProfileValueSource type [class org.springframework.test.annotation.SystemProfileValueSource] for class [aop.UserDAOImplTest]
2019-03-08 13:27:21 DEBUG AbstractDirtiesContextTestExecutionListener:142 - Before test class: context [DefaultTestContext@102b3b1 testClass = UserDAOImplTest, testInstance = [null], testMethod = [null], testException = [null], mergedContextConfiguration = [MergedContextConfiguration@1ea3742 testClass = UserDAOImplTest, locations = '{classpath:/user.xml}', classes = '{}', contextInitializerClasses = '[]', activeProfiles = '{}', propertySourceLocations = '{}', propertySourceProperties = '{}', contextCustomizers = set[[empty]], contextLoader = 'org.springframework.test.context.support.DelegatingSmartContextLoader', parent = [null]], attributes = map[[empty]]], class annotated with @DirtiesContext [false] with mode [null].
2019-03-08 13:27:21 DEBUG ProfileValueUtils:70 - Retrieved @ProfileValueSourceConfiguration [null] for test class [aop.UserDAOImplTest]
2019-03-08 13:27:21 DEBUG ProfileValueUtils:83 - Retrieved ProfileValueSource type [class org.springframework.test.annotation.SystemProfileValueSource] for class [aop.UserDAOImplTest]
2019-03-08 13:27:21 DEBUG DependencyInjectionTestExecutionListener:81 - Performing dependency injection for test context [[DefaultTestContext@102b3b1 testClass = UserDAOImplTest, testInstance = aop.UserDAOImplTest@25a98f, testMethod = [null], testException = [null], mergedContextConfiguration = [MergedContextConfiguration@1ea3742 testClass = UserDAOImplTest, locations = '{classpath:/user.xml}', classes = '{}', contextInitializerClasses = '[]', activeProfiles = '{}', propertySourceLocations = '{}', propertySourceProperties = '{}', contextCustomizers = set[[empty]], contextLoader = 'org.springframework.test.context.support.DelegatingSmartContextLoader', parent = [null]], attributes = map[[empty]]]].
2019-03-08 13:27:21 DEBUG AbstractDelegatingSmartContextLoader:273 - Delegating to GenericXmlContextLoader to load context from [MergedContextConfiguration@1ea3742 testClass = UserDAOImplTest, locations = '{classpath:/user.xml}', classes = '{}', contextInitializerClasses = '[]', activeProfiles = '{}', propertySourceLocations = '{}', propertySourceProperties = '{}', contextCustomizers = set[[empty]], contextLoader = 'org.springframework.test.context.support.DelegatingSmartContextLoader', parent = [null]].
2019-03-08 13:27:21 DEBUG AbstractGenericContextLoader:109 - Loading ApplicationContext for merged context configuration [[MergedContextConfiguration@1ea3742 testClass = UserDAOImplTest, locations = '{classpath:/user.xml}', classes = '{}', contextInitializerClasses = '[]', activeProfiles = '{}', propertySourceLocations = '{}', propertySourceProperties = '{}', contextCustomizers = set[[empty]], contextLoader = 'org.springframework.test.context.support.DelegatingSmartContextLoader', parent = [null]]].
2019-03-08 13:27:22 DEBUG StandardEnvironment:252 - Activating profiles []
2019-03-08 13:27:22 DEBUG XmlBeanDefinitionReader:395 - Loaded 5 bean definitions from class path resource [user.xml]
2019-03-08 13:27:22 DEBUG GenericApplicationContext:594 - Refreshing org.springframework.context.support.GenericApplicationContext@10143d3
2019-03-08 13:27:22 DEBUG DefaultListableBeanFactory:213 - Creating shared instance of singleton bean 'org.springframework.context.annotation.internalConfigurationAnnotationProcessor'
2019-03-08 13:27:22 DEBUG DefaultListableBeanFactory:213 - Creating shared instance of singleton bean 'org.springframework.context.event.internalEventListenerProcessor'
2019-03-08 13:27:22 DEBUG DefaultListableBeanFactory:213 - Creating shared instance of singleton bean 'org.springframework.context.event.internalEventListenerFactory'
2019-03-08 13:27:22 DEBUG DefaultListableBeanFactory:213 - Creating shared instance of singleton bean 'org.springframework.context.annotation.internalAutowiredAnnotationProcessor'
2019-03-08 13:27:22 DEBUG DefaultListableBeanFactory:213 - Creating shared instance of singleton bean 'org.springframework.context.annotation.internalCommonAnnotationProcessor'
2019-03-08 13:27:22 DEBUG DefaultListableBeanFactory:213 - Creating shared instance of singleton bean 'org.springframework.aop.config.internalAutoProxyCreator'
2019-03-08 13:27:23 DEBUG DefaultListableBeanFactory:213 - Creating shared instance of singleton bean 'userdao'
2019-03-08 13:27:23 DEBUG DefaultListableBeanFactory:213 - Creating shared instance of singleton bean 'org.springframework.aop.aspectj.AspectJPointcutAdvisor#0'
2019-03-08 13:27:23 DEBUG DefaultListableBeanFactory:213 - Creating shared instance of singleton bean 'myBeforeAdvice'
2019-03-08 13:27:23 DEBUG DefaultCacheAwareContextLoaderDelegate:119 - Storing ApplicationContext in cache under key [[MergedContextConfiguration@1ea3742 testClass = UserDAOImplTest, locations = '{classpath:/user.xml}', classes = '{}', contextInitializerClasses = '[]', activeProfiles = '{}', propertySourceLocations = '{}', propertySourceProperties = '{}', contextCustomizers = set[[empty]], contextLoader = 'org.springframework.test.context.support.DelegatingSmartContextLoader', parent = [null]]]
2019-03-08 13:27:23 DEBUG cache:290 - Spring test ApplicationContext cache statistics: [DefaultContextCache@156875e size = 1, maxSize = 32, parentContextCount = 0, hitCount = 0, missCount = 1]
2019-03-08 13:27:23 DEBUG AbstractDirtiesContextTestExecutionListener:107 - Before test method: context [DefaultTestContext@102b3b1 testClass = UserDAOImplTest, testInstance = aop.UserDAOImplTest@25a98f, testMethod = insert@UserDAOImplTest, testException = [null], mergedContextConfiguration = [MergedContextConfiguration@1ea3742 testClass = UserDAOImplTest, locations = '{classpath:/user.xml}', classes = '{}', contextInitializerClasses = '[]', activeProfiles = '{}', propertySourceLocations = '{}', propertySourceProperties = '{}', contextCustomizers = set[[empty]], contextLoader = 'org.springframework.test.context.support.DelegatingSmartContextLoader', parent = [null]], attributes = map[[empty]]], class annotated with @DirtiesContext [false] with mode [null], method annotated with @DirtiesContext [false] with mode [null].
2019-03-08 13:27:23 DEBUG MyBeforeAdvice:9 - 连接数据库操作.....
2019-03-08 13:27:23 DEBUG MyBeforeAdvice:12 - 开始进行插入操作
2019-03-08 13:27:23 DEBUG AbstractDirtiesContextTestExecutionListener:107 - After test method: context [DefaultTestContext@102b3b1 testClass = UserDAOImplTest, testInstance = aop.UserDAOImplTest@25a98f, testMethod = insert@UserDAOImplTest, testException = [null], mergedContextConfiguration = [MergedContextConfiguration@1ea3742 testClass = UserDAOImplTest, locations = '{classpath:/user.xml}', classes = '{}', contextInitializerClasses = '[]', activeProfiles = '{}', propertySourceLocations = '{}', propertySourceProperties = '{}', contextCustomizers = set[[empty]], contextLoader = 'org.springframework.test.context.support.DelegatingSmartContextLoader', parent = [null]], attributes = map[[empty]]], class annotated with @DirtiesContext [false] with mode [null], method annotated with @DirtiesContext [false] with mode [null].
2019-03-08 13:27:23 DEBUG AbstractDirtiesContextTestExecutionListener:142 - After test class: context [DefaultTestContext@102b3b1 testClass = UserDAOImplTest, testInstance = [null], testMethod = [null], testException = [null], mergedContextConfiguration = [MergedContextConfiguration@1ea3742 testClass = UserDAOImplTest, locations = '{classpath:/user.xml}', classes = '{}', contextInitializerClasses = '[]', activeProfiles = '{}', propertySourceLocations = '{}', propertySourceProperties = '{}', contextCustomizers = set[[empty]], contextLoader = 'org.springframework.test.context.support.DelegatingSmartContextLoader', parent = [null]], attributes = map[[empty]]], class annotated with @DirtiesContext [false] with mode [null].
2019-03-08 13:27:23 DEBUG GenericApplicationContext:1002 - Closing org.springframework.context.support.GenericApplicationContext@10143d3, started on Fri Mar 08 13:27:22 CST 2019
2019-03-08 13:40:31 DEBUG SpringJUnit4ClassRunner:139 - SpringJUnit4ClassRunner constructor called with [class aop.UserDAOImplTest]
2019-03-08 13:40:31 DEBUG BootstrapUtils:96 - Instantiating CacheAwareContextLoaderDelegate from class [org.springframework.test.context.cache.DefaultCacheAwareContextLoaderDelegate]
2019-03-08 13:40:31 DEBUG BootstrapUtils:79 - Instantiating BootstrapContext using constructor [public org.springframework.test.context.support.DefaultBootstrapContext(java.lang.Class,org.springframework.test.context.CacheAwareContextLoaderDelegate)]
2019-03-08 13:40:31 DEBUG BootstrapUtils:132 - Instantiating TestContextBootstrapper for test class [aop.UserDAOImplTest] from class [org.springframework.test.context.support.DefaultTestContextBootstrapper]
2019-03-08 13:40:31 DEBUG AbstractDelegatingSmartContextLoader:263 - Delegating to GenericXmlContextLoader to process context configuration [ContextConfigurationAttributes@c7a4e4 declaringClass = 'aop.UserDAOImplTest', classes = '{}', locations = '{/user.xml}', inheritLocations = true, initializers = '{}', inheritInitializers = true, name = [null], contextLoaderClass = 'org.springframework.test.context.ContextLoader'].
2019-03-08 13:40:31 DEBUG ActiveProfilesUtils:79 - Could not find an 'annotation declaring class' for annotation type [org.springframework.test.context.ActiveProfiles] and class [aop.UserDAOImplTest]
2019-03-08 13:40:31 DEBUG DefaultTestContextBootstrapper:125 - @TestExecutionListeners is not present for class [aop.UserDAOImplTest]: using defaults.
2019-03-08 13:40:31  INFO DefaultTestContextBootstrapper:248 - Loaded default TestExecutionListener class names from location [META-INF/spring.factories]: [org.springframework.test.context.web.ServletTestExecutionListener, org.springframework.test.context.support.DirtiesContextBeforeModesTestExecutionListener, org.springframework.test.context.support.DependencyInjectionTestExecutionListener, org.springframework.test.context.support.DirtiesContextTestExecutionListener, org.springframework.test.context.transaction.TransactionalTestExecutionListener, org.springframework.test.context.jdbc.SqlScriptsTestExecutionListener]
2019-03-08 13:40:31 DEBUG DefaultTestContextBootstrapper:192 - Skipping candidate TestExecutionListener [org.springframework.test.context.web.ServletTestExecutionListener] due to a missing dependency. Specify custom listener classes or make the default listener classes and their required dependencies available. Offending class: [javax/servlet/ServletContext]
2019-03-08 13:40:31 DEBUG DefaultTestContextBootstrapper:192 - Skipping candidate TestExecutionListener [org.springframework.test.context.transaction.TransactionalTestExecutionListener] due to a missing dependency. Specify custom listener classes or make the default listener classes and their required dependencies available. Offending class: [org/springframework/transaction/interceptor/TransactionAttributeSource]
2019-03-08 13:40:31 DEBUG DefaultTestContextBootstrapper:192 - Skipping candidate TestExecutionListener [org.springframework.test.context.jdbc.SqlScriptsTestExecutionListener] due to a missing dependency. Specify custom listener classes or make the default listener classes and their required dependencies available. Offending class: [org/springframework/transaction/interceptor/TransactionAttribute]
2019-03-08 13:40:31  INFO DefaultTestContextBootstrapper:177 - Using TestExecutionListeners: [org.springframework.test.context.support.DirtiesContextBeforeModesTestExecutionListener@13b32d7, org.springframework.test.context.support.DependencyInjectionTestExecutionListener@42a311, org.springframework.test.context.support.DirtiesContextTestExecutionListener@8e7350]
2019-03-08 13:40:31 DEBUG ProfileValueUtils:70 - Retrieved @ProfileValueSourceConfiguration [null] for test class [aop.UserDAOImplTest]
2019-03-08 13:40:31 DEBUG ProfileValueUtils:83 - Retrieved ProfileValueSource type [class org.springframework.test.annotation.SystemProfileValueSource] for class [aop.UserDAOImplTest]
2019-03-08 13:40:31 DEBUG ProfileValueUtils:70 - Retrieved @ProfileValueSourceConfiguration [null] for test class [aop.UserDAOImplTest]
2019-03-08 13:40:31 DEBUG ProfileValueUtils:83 - Retrieved ProfileValueSource type [class org.springframework.test.annotation.SystemProfileValueSource] for class [aop.UserDAOImplTest]
2019-03-08 13:40:31 DEBUG ProfileValueUtils:70 - Retrieved @ProfileValueSourceConfiguration [null] for test class [aop.UserDAOImplTest]
2019-03-08 13:40:31 DEBUG ProfileValueUtils:83 - Retrieved ProfileValueSource type [class org.springframework.test.annotation.SystemProfileValueSource] for class [aop.UserDAOImplTest]
2019-03-08 13:40:31 DEBUG ProfileValueUtils:70 - Retrieved @ProfileValueSourceConfiguration [null] for test class [aop.UserDAOImplTest]
2019-03-08 13:40:31 DEBUG ProfileValueUtils:83 - Retrieved ProfileValueSource type [class org.springframework.test.annotation.SystemProfileValueSource] for class [aop.UserDAOImplTest]
2019-03-08 13:40:31 DEBUG AbstractDirtiesContextTestExecutionListener:142 - Before test class: context [DefaultTestContext@102b3b1 testClass = UserDAOImplTest, testInstance = [null], testMethod = [null], testException = [null], mergedContextConfiguration = [MergedContextConfiguration@1ea3742 testClass = UserDAOImplTest, locations = '{classpath:/user.xml}', classes = '{}', contextInitializerClasses = '[]', activeProfiles = '{}', propertySourceLocations = '{}', propertySourceProperties = '{}', contextCustomizers = set[[empty]], contextLoader = 'org.springframework.test.context.support.DelegatingSmartContextLoader', parent = [null]], attributes = map[[empty]]], class annotated with @DirtiesContext [false] with mode [null].
2019-03-08 13:40:31 DEBUG ProfileValueUtils:70 - Retrieved @ProfileValueSourceConfiguration [null] for test class [aop.UserDAOImplTest]
2019-03-08 13:40:31 DEBUG ProfileValueUtils:83 - Retrieved ProfileValueSource type [class org.springframework.test.annotation.SystemProfileValueSource] for class [aop.UserDAOImplTest]
2019-03-08 13:40:31 DEBUG DependencyInjectionTestExecutionListener:81 - Performing dependency injection for test context [[DefaultTestContext@102b3b1 testClass = UserDAOImplTest, testInstance = aop.UserDAOImplTest@25a98f, testMethod = [null], testException = [null], mergedContextConfiguration = [MergedContextConfiguration@1ea3742 testClass = UserDAOImplTest, locations = '{classpath:/user.xml}', classes = '{}', contextInitializerClasses = '[]', activeProfiles = '{}', propertySourceLocations = '{}', propertySourceProperties = '{}', contextCustomizers = set[[empty]], contextLoader = 'org.springframework.test.context.support.DelegatingSmartContextLoader', parent = [null]], attributes = map[[empty]]]].
2019-03-08 13:40:31 DEBUG AbstractDelegatingSmartContextLoader:273 - Delegating to GenericXmlContextLoader to load context from [MergedContextConfiguration@1ea3742 testClass = UserDAOImplTest, locations = '{classpath:/user.xml}', classes = '{}', contextInitializerClasses = '[]', activeProfiles = '{}', propertySourceLocations = '{}', propertySourceProperties = '{}', contextCustomizers = set[[empty]], contextLoader = 'org.springframework.test.context.support.DelegatingSmartContextLoader', parent = [null]].
2019-03-08 13:40:31 DEBUG AbstractGenericContextLoader:109 - Loading ApplicationContext for merged context configuration [[MergedContextConfiguration@1ea3742 testClass = UserDAOImplTest, locations = '{classpath:/user.xml}', classes = '{}', contextInitializerClasses = '[]', activeProfiles = '{}', propertySourceLocations = '{}', propertySourceProperties = '{}', contextCustomizers = set[[empty]], contextLoader = 'org.springframework.test.context.support.DelegatingSmartContextLoader', parent = [null]]].
2019-03-08 13:40:31 DEBUG StandardEnvironment:252 - Activating profiles []
2019-03-08 13:40:32 DEBUG XmlBeanDefinitionReader:395 - Loaded 5 bean definitions from class path resource [user.xml]
2019-03-08 13:40:32 DEBUG GenericApplicationContext:594 - Refreshing org.springframework.context.support.GenericApplicationContext@10143d3
2019-03-08 13:40:32 DEBUG DefaultListableBeanFactory:213 - Creating shared instance of singleton bean 'org.springframework.context.annotation.internalConfigurationAnnotationProcessor'
2019-03-08 13:40:32 DEBUG DefaultListableBeanFactory:213 - Creating shared instance of singleton bean 'org.springframework.context.event.internalEventListenerProcessor'
2019-03-08 13:40:32 DEBUG DefaultListableBeanFactory:213 - Creating shared instance of singleton bean 'org.springframework.context.event.internalEventListenerFactory'
2019-03-08 13:40:32 DEBUG DefaultListableBeanFactory:213 - Creating shared instance of singleton bean 'org.springframework.context.annotation.internalAutowiredAnnotationProcessor'
2019-03-08 13:40:32 DEBUG DefaultListableBeanFactory:213 - Creating shared instance of singleton bean 'org.springframework.context.annotation.internalCommonAnnotationProcessor'
2019-03-08 13:40:32 DEBUG DefaultListableBeanFactory:213 - Creating shared instance of singleton bean 'org.springframework.aop.config.internalAutoProxyCreator'
2019-03-08 13:40:32 DEBUG DefaultListableBeanFactory:213 - Creating shared instance of singleton bean 'userdao'
2019-03-08 13:40:32 DEBUG DefaultListableBeanFactory:213 - Creating shared instance of singleton bean 'org.springframework.aop.aspectj.AspectJPointcutAdvisor#0'
2019-03-08 13:40:32 DEBUG DefaultListableBeanFactory:213 - Creating shared instance of singleton bean 'myBeforeAdvice'
2019-03-08 13:40:32 DEBUG DefaultCacheAwareContextLoaderDelegate:119 - Storing ApplicationContext in cache under key [[MergedContextConfiguration@1ea3742 testClass = UserDAOImplTest, locations = '{classpath:/user.xml}', classes = '{}', contextInitializerClasses = '[]', activeProfiles = '{}', propertySourceLocations = '{}', propertySourceProperties = '{}', contextCustomizers = set[[empty]], contextLoader = 'org.springframework.test.context.support.DelegatingSmartContextLoader', parent = [null]]]
2019-03-08 13:40:32 DEBUG cache:290 - Spring test ApplicationContext cache statistics: [DefaultContextCache@156875e size = 1, maxSize = 32, parentContextCount = 0, hitCount = 0, missCount = 1]
2019-03-08 13:40:32 DEBUG AbstractDirtiesContextTestExecutionListener:107 - Before test method: context [DefaultTestContext@102b3b1 testClass = UserDAOImplTest, testInstance = aop.UserDAOImplTest@25a98f, testMethod = insert@UserDAOImplTest, testException = [null], mergedContextConfiguration = [MergedContextConfiguration@1ea3742 testClass = UserDAOImplTest, locations = '{classpath:/user.xml}', classes = '{}', contextInitializerClasses = '[]', activeProfiles = '{}', propertySourceLocations = '{}', propertySourceProperties = '{}', contextCustomizers = set[[empty]], contextLoader = 'org.springframework.test.context.support.DelegatingSmartContextLoader', parent = [null]], attributes = map[[empty]]], class annotated with @DirtiesContext [false] with mode [null], method annotated with @DirtiesContext [false] with mode [null].
2019-03-08 13:40:32 DEBUG MyBeforeAdvice:9 - 连接数据库操作.....
2019-03-08 13:40:32 DEBUG MyBeforeAdvice:12 - 开始进行插入操作
2019-03-08 13:40:32 DEBUG AbstractDirtiesContextTestExecutionListener:107 - After test method: context [DefaultTestContext@102b3b1 testClass = UserDAOImplTest, testInstance = aop.UserDAOImplTest@25a98f, testMethod = insert@UserDAOImplTest, testException = [null], mergedContextConfiguration = [MergedContextConfiguration@1ea3742 testClass = UserDAOImplTest, locations = '{classpath:/user.xml}', classes = '{}', contextInitializerClasses = '[]', activeProfiles = '{}', propertySourceLocations = '{}', propertySourceProperties = '{}', contextCustomizers = set[[empty]], contextLoader = 'org.springframework.test.context.support.DelegatingSmartContextLoader', parent = [null]], attributes = map[[empty]]], class annotated with @DirtiesContext [false] with mode [null], method annotated with @DirtiesContext [false] with mode [null].
2019-03-08 13:40:32 DEBUG AbstractDirtiesContextTestExecutionListener:142 - After test class: context [DefaultTestContext@102b3b1 testClass = UserDAOImplTest, testInstance = [null], testMethod = [null], testException = [null], mergedContextConfiguration = [MergedContextConfiguration@1ea3742 testClass = UserDAOImplTest, locations = '{classpath:/user.xml}', classes = '{}', contextInitializerClasses = '[]', activeProfiles = '{}', propertySourceLocations = '{}', propertySourceProperties = '{}', contextCustomizers = set[[empty]], contextLoader = 'org.springframework.test.context.support.DelegatingSmartContextLoader', parent = [null]], attributes = map[[empty]]], class annotated with @DirtiesContext [false] with mode [null].
2019-03-08 13:40:32 DEBUG GenericApplicationContext:1002 - Closing org.springframework.context.support.GenericApplicationContext@10143d3, started on Fri Mar 08 13:40:32 CST 2019
2019-03-08 13:54:19 DEBUG SpringJUnit4ClassRunner:139 - SpringJUnit4ClassRunner constructor called with [class aop.UserDAOImplTest]
2019-03-08 13:54:19 DEBUG BootstrapUtils:96 - Instantiating CacheAwareContextLoaderDelegate from class [org.springframework.test.context.cache.DefaultCacheAwareContextLoaderDelegate]
2019-03-08 13:54:19 DEBUG BootstrapUtils:79 - Instantiating BootstrapContext using constructor [public org.springframework.test.context.support.DefaultBootstrapContext(java.lang.Class,org.springframework.test.context.CacheAwareContextLoaderDelegate)]
2019-03-08 13:54:19 DEBUG BootstrapUtils:132 - Instantiating TestContextBootstrapper for test class [aop.UserDAOImplTest] from class [org.springframework.test.context.support.DefaultTestContextBootstrapper]
2019-03-08 13:54:20 DEBUG AbstractDelegatingSmartContextLoader:263 - Delegating to GenericXmlContextLoader to process context configuration [ContextConfigurationAttributes@c7a4e4 declaringClass = 'aop.UserDAOImplTest', classes = '{}', locations = '{/user.xml}', inheritLocations = true, initializers = '{}', inheritInitializers = true, name = [null], contextLoaderClass = 'org.springframework.test.context.ContextLoader'].
2019-03-08 13:54:20 DEBUG ActiveProfilesUtils:79 - Could not find an 'annotation declaring class' for annotation type [org.springframework.test.context.ActiveProfiles] and class [aop.UserDAOImplTest]
2019-03-08 13:54:20 DEBUG DefaultTestContextBootstrapper:125 - @TestExecutionListeners is not present for class [aop.UserDAOImplTest]: using defaults.
2019-03-08 13:54:20  INFO DefaultTestContextBootstrapper:248 - Loaded default TestExecutionListener class names from location [META-INF/spring.factories]: [org.springframework.test.context.web.ServletTestExecutionListener, org.springframework.test.context.support.DirtiesContextBeforeModesTestExecutionListener, org.springframework.test.context.support.DependencyInjectionTestExecutionListener, org.springframework.test.context.support.DirtiesContextTestExecutionListener, org.springframework.test.context.transaction.TransactionalTestExecutionListener, org.springframework.test.context.jdbc.SqlScriptsTestExecutionListener]
2019-03-08 13:54:20 DEBUG DefaultTestContextBootstrapper:192 - Skipping candidate TestExecutionListener [org.springframework.test.context.web.ServletTestExecutionListener] due to a missing dependency. Specify custom listener classes or make the default listener classes and their required dependencies available. Offending class: [javax/servlet/ServletContext]
2019-03-08 13:54:20 DEBUG DefaultTestContextBootstrapper:192 - Skipping candidate TestExecutionListener [org.springframework.test.context.transaction.TransactionalTestExecutionListener] due to a missing dependency. Specify custom listener classes or make the default listener classes and their required dependencies available. Offending class: [org/springframework/transaction/interceptor/TransactionAttributeSource]
2019-03-08 13:54:20 DEBUG DefaultTestContextBootstrapper:192 - Skipping candidate TestExecutionListener [org.springframework.test.context.jdbc.SqlScriptsTestExecutionListener] due to a missing dependency. Specify custom listener classes or make the default listener classes and their required dependencies available. Offending class: [org/springframework/transaction/interceptor/TransactionAttribute]
2019-03-08 13:54:20  INFO DefaultTestContextBootstrapper:177 - Using TestExecutionListeners: [org.springframework.test.context.support.DirtiesContextBeforeModesTestExecutionListener@13b32d7, org.springframework.test.context.support.DependencyInjectionTestExecutionListener@42a311, org.springframework.test.context.support.DirtiesContextTestExecutionListener@8e7350]
2019-03-08 13:54:20 DEBUG ProfileValueUtils:70 - Retrieved @ProfileValueSourceConfiguration [null] for test class [aop.UserDAOImplTest]
2019-03-08 13:54:20 DEBUG ProfileValueUtils:83 - Retrieved ProfileValueSource type [class org.springframework.test.annotation.SystemProfileValueSource] for class [aop.UserDAOImplTest]
2019-03-08 13:54:20 DEBUG ProfileValueUtils:70 - Retrieved @ProfileValueSourceConfiguration [null] for test class [aop.UserDAOImplTest]
2019-03-08 13:54:20 DEBUG ProfileValueUtils:83 - Retrieved ProfileValueSource type [class org.springframework.test.annotation.SystemProfileValueSource] for class [aop.UserDAOImplTest]
2019-03-08 13:54:20 DEBUG ProfileValueUtils:70 - Retrieved @ProfileValueSourceConfiguration [null] for test class [aop.UserDAOImplTest]
2019-03-08 13:54:20 DEBUG ProfileValueUtils:83 - Retrieved ProfileValueSource type [class org.springframework.test.annotation.SystemProfileValueSource] for class [aop.UserDAOImplTest]
2019-03-08 13:54:20 DEBUG ProfileValueUtils:70 - Retrieved @ProfileValueSourceConfiguration [null] for test class [aop.UserDAOImplTest]
2019-03-08 13:54:20 DEBUG ProfileValueUtils:83 - Retrieved ProfileValueSource type [class org.springframework.test.annotation.SystemProfileValueSource] for class [aop.UserDAOImplTest]
2019-03-08 13:54:20 DEBUG AbstractDirtiesContextTestExecutionListener:142 - Before test class: context [DefaultTestContext@102b3b1 testClass = UserDAOImplTest, testInstance = [null], testMethod = [null], testException = [null], mergedContextConfiguration = [MergedContextConfiguration@1ea3742 testClass = UserDAOImplTest, locations = '{classpath:/user.xml}', classes = '{}', contextInitializerClasses = '[]', activeProfiles = '{}', propertySourceLocations = '{}', propertySourceProperties = '{}', contextCustomizers = set[[empty]], contextLoader = 'org.springframework.test.context.support.DelegatingSmartContextLoader', parent = [null]], attributes = map[[empty]]], class annotated with @DirtiesContext [false] with mode [null].
2019-03-08 13:54:20 DEBUG ProfileValueUtils:70 - Retrieved @ProfileValueSourceConfiguration [null] for test class [aop.UserDAOImplTest]
2019-03-08 13:54:20 DEBUG ProfileValueUtils:83 - Retrieved ProfileValueSource type [class org.springframework.test.annotation.SystemProfileValueSource] for class [aop.UserDAOImplTest]
2019-03-08 13:54:20 DEBUG DependencyInjectionTestExecutionListener:81 - Performing dependency injection for test context [[DefaultTestContext@102b3b1 testClass = UserDAOImplTest, testInstance = aop.UserDAOImplTest@25a98f, testMethod = [null], testException = [null], mergedContextConfiguration = [MergedContextConfiguration@1ea3742 testClass = UserDAOImplTest, locations = '{classpath:/user.xml}', classes = '{}', contextInitializerClasses = '[]', activeProfiles = '{}', propertySourceLocations = '{}', propertySourceProperties = '{}', contextCustomizers = set[[empty]], contextLoader = 'org.springframework.test.context.support.DelegatingSmartContextLoader', parent = [null]], attributes = map[[empty]]]].
2019-03-08 13:54:20 DEBUG AbstractDelegatingSmartContextLoader:273 - Delegating to GenericXmlContextLoader to load context from [MergedContextConfiguration@1ea3742 testClass = UserDAOImplTest, locations = '{classpath:/user.xml}', classes = '{}', contextInitializerClasses = '[]', activeProfiles = '{}', propertySourceLocations = '{}', propertySourceProperties = '{}', contextCustomizers = set[[empty]], contextLoader = 'org.springframework.test.context.support.DelegatingSmartContextLoader', parent = [null]].
2019-03-08 13:54:20 DEBUG AbstractGenericContextLoader:109 - Loading ApplicationContext for merged context configuration [[MergedContextConfiguration@1ea3742 testClass = UserDAOImplTest, locations = '{classpath:/user.xml}', classes = '{}', contextInitializerClasses = '[]', activeProfiles = '{}', propertySourceLocations = '{}', propertySourceProperties = '{}', contextCustomizers = set[[empty]], contextLoader = 'org.springframework.test.context.support.DelegatingSmartContextLoader', parent = [null]]].
2019-03-08 13:54:20 DEBUG StandardEnvironment:252 - Activating profiles []
2019-03-08 13:54:21 DEBUG XmlBeanDefinitionReader:395 - Loaded 5 bean definitions from class path resource [user.xml]
2019-03-08 13:54:21 DEBUG GenericApplicationContext:594 - Refreshing org.springframework.context.support.GenericApplicationContext@10143d3
2019-03-08 13:54:21 DEBUG DefaultListableBeanFactory:213 - Creating shared instance of singleton bean 'org.springframework.context.annotation.internalConfigurationAnnotationProcessor'
2019-03-08 13:54:21 DEBUG DefaultListableBeanFactory:213 - Creating shared instance of singleton bean 'org.springframework.context.event.internalEventListenerProcessor'
2019-03-08 13:54:21 DEBUG DefaultListableBeanFactory:213 - Creating shared instance of singleton bean 'org.springframework.context.event.internalEventListenerFactory'
2019-03-08 13:54:21 DEBUG DefaultListableBeanFactory:213 - Creating shared instance of singleton bean 'org.springframework.context.annotation.internalAutowiredAnnotationProcessor'
2019-03-08 13:54:21 DEBUG DefaultListableBeanFactory:213 - Creating shared instance of singleton bean 'org.springframework.context.annotation.internalCommonAnnotationProcessor'
2019-03-08 13:54:21 DEBUG DefaultListableBeanFactory:213 - Creating shared instance of singleton bean 'org.springframework.aop.config.internalAutoProxyCreator'
2019-03-08 13:54:21 DEBUG DefaultListableBeanFactory:213 - Creating shared instance of singleton bean 'userdao'
2019-03-08 13:54:21 DEBUG DefaultListableBeanFactory:213 - Creating shared instance of singleton bean 'org.springframework.aop.aspectj.AspectJPointcutAdvisor#0'
2019-03-08 13:54:21 DEBUG DefaultListableBeanFactory:213 - Creating shared instance of singleton bean 'myBeforeAdvice'
2019-03-08 13:54:22 DEBUG DefaultCacheAwareContextLoaderDelegate:119 - Storing ApplicationContext in cache under key [[MergedContextConfiguration@1ea3742 testClass = UserDAOImplTest, locations = '{classpath:/user.xml}', classes = '{}', contextInitializerClasses = '[]', activeProfiles = '{}', propertySourceLocations = '{}', propertySourceProperties = '{}', contextCustomizers = set[[empty]], contextLoader = 'org.springframework.test.context.support.DelegatingSmartContextLoader', parent = [null]]]
2019-03-08 13:54:22 DEBUG cache:290 - Spring test ApplicationContext cache statistics: [DefaultContextCache@156875e size = 1, maxSize = 32, parentContextCount = 0, hitCount = 0, missCount = 1]
2019-03-08 13:54:22 DEBUG AbstractDirtiesContextTestExecutionListener:107 - Before test method: context [DefaultTestContext@102b3b1 testClass = UserDAOImplTest, testInstance = aop.UserDAOImplTest@25a98f, testMethod = insert@UserDAOImplTest, testException = [null], mergedContextConfiguration = [MergedContextConfiguration@1ea3742 testClass = UserDAOImplTest, locations = '{classpath:/user.xml}', classes = '{}', contextInitializerClasses = '[]', activeProfiles = '{}', propertySourceLocations = '{}', propertySourceProperties = '{}', contextCustomizers = set[[empty]], contextLoader = 'org.springframework.test.context.support.DelegatingSmartContextLoader', parent = [null]], attributes = map[[empty]]], class annotated with @DirtiesContext [false] with mode [null], method annotated with @DirtiesContext [false] with mode [null].
2019-03-08 13:54:22 DEBUG MyBeforeAdvice:9 - 连接数据库操作.....
2019-03-08 13:54:22 DEBUG MyBeforeAdvice:12 - 开始进行插入操作
2019-03-08 13:54:22 DEBUG AbstractDirtiesContextTestExecutionListener:107 - After test method: context [DefaultTestContext@102b3b1 testClass = UserDAOImplTest, testInstance = aop.UserDAOImplTest@25a98f, testMethod = insert@UserDAOImplTest, testException = [null], mergedContextConfiguration = [MergedContextConfiguration@1ea3742 testClass = UserDAOImplTest, locations = '{classpath:/user.xml}', classes = '{}', contextInitializerClasses = '[]', activeProfiles = '{}', propertySourceLocations = '{}', propertySourceProperties = '{}', contextCustomizers = set[[empty]], contextLoader = 'org.springframework.test.context.support.DelegatingSmartContextLoader', parent = [null]], attributes = map[[empty]]], class annotated with @DirtiesContext [false] with mode [null], method annotated with @DirtiesContext [false] with mode [null].
2019-03-08 13:54:22 DEBUG AbstractDirtiesContextTestExecutionListener:142 - After test class: context [DefaultTestContext@102b3b1 testClass = UserDAOImplTest, testInstance = [null], testMethod = [null], testException = [null], mergedContextConfiguration = [MergedContextConfiguration@1ea3742 testClass = UserDAOImplTest, locations = '{classpath:/user.xml}', classes = '{}', contextInitializerClasses = '[]', activeProfiles = '{}', propertySourceLocations = '{}', propertySourceProperties = '{}', contextCustomizers = set[[empty]], contextLoader = 'org.springframework.test.context.support.DelegatingSmartContextLoader', parent = [null]], attributes = map[[empty]]], class annotated with @DirtiesContext [false] with mode [null].
2019-03-08 13:54:22 DEBUG GenericApplicationContext:1002 - Closing org.springframework.context.support.GenericApplicationContext@10143d3, started on Fri Mar 08 13:54:21 CST 2019
